mode: set
github.com/bxrne/launchrail/cmd/launchrail/main.go:16.13,20.16 3 0
github.com/bxrne/launchrail/cmd/launchrail/main.go:20.16,22.3 1 0
github.com/bxrne/launchrail/cmd/launchrail/main.go:23.2,31.16 6 0
github.com/bxrne/launchrail/cmd/launchrail/main.go:31.16,33.3 1 0
github.com/bxrne/launchrail/cmd/launchrail/main.go:34.2,41.27 5 0
github.com/bxrne/launchrail/internal/config/config.go:22.26,24.67 2 0
github.com/bxrne/launchrail/internal/config/config.go:24.67,25.13 1 0
github.com/bxrne/launchrail/internal/config/config.go:27.2,27.16 1 0
github.com/bxrne/launchrail/internal/config/config.go:30.36,32.2 1 0
github.com/bxrne/launchrail/internal/config/config.go:34.43,36.2 1 0
github.com/bxrne/launchrail/internal/config/config.go:38.44,40.2 1 0
github.com/bxrne/launchrail/internal/logs/logs.go:19.36,21.2 1 0
github.com/bxrne/launchrail/internal/logs/logs.go:40.57,41.52 1 0
github.com/bxrne/launchrail/internal/logs/logs.go:41.52,43.3 1 0
github.com/bxrne/launchrail/internal/logs/logs.go:45.2,46.16 2 0
github.com/bxrne/launchrail/internal/logs/logs.go:46.16,48.3 1 0
github.com/bxrne/launchrail/internal/logs/logs.go:50.2,56.8 1 0
github.com/bxrne/launchrail/internal/logs/logs.go:59.35,61.2 1 0
github.com/bxrne/launchrail/internal/logs/logs.go:63.33,65.2 1 0
github.com/bxrne/launchrail/internal/logs/logs.go:67.42,69.2 1 0
github.com/bxrne/launchrail/internal/logs/logs.go:71.53,73.2 1 0
github.com/bxrne/launchrail/internal/logs/logs.go:75.43,78.2 2 0
github.com/bxrne/launchrail/internal/logs/logs.go:80.38,83.2 2 0
github.com/bxrne/launchrail/internal/logs/logs.go:86.66,87.22 1 0
github.com/bxrne/launchrail/internal/logs/logs.go:87.22,93.3 4 0
github.com/bxrne/launchrail/internal/logs/logs.go:96.41,98.2 1 0
github.com/bxrne/launchrail/internal/logs/logs.go:100.41,102.2 1 0
github.com/bxrne/launchrail/internal/logs/logs.go:104.42,106.2 1 0
github.com/bxrne/launchrail/internal/logs/logs.go:108.42,110.2 1 0
github.com/bxrne/launchrail/internal/logs/logs.go:112.26,114.2 1 0
github.com/bxrne/launchrail/pkg/gui/views/welcome_view.go:12.64,28.46 4 0
github.com/bxrne/launchrail/pkg/gui/views/welcome_view.go:28.46,30.4 1 0
github.com/bxrne/launchrail/pkg/gui/views/welcome_view.go:31.49,33.4 1 0
github.com/bxrne/launchrail/pkg/gui/views/welcome_view.go:36.2,37.36 1 0
github.com/bxrne/launchrail/pkg/gui/views/welcome_view.go:37.36,39.4 1 0
github.com/bxrne/launchrail/pkg/gui/views/welcome_view.go:40.32,42.4 1 0
github.com/bxrne/launchrail/pkg/gui/views/welcome_view.go:46.2,49.46 3 0
github.com/bxrne/launchrail/pkg/gui/view.go:15.61,20.2 1 0
github.com/bxrne/launchrail/pkg/gui/view.go:22.60,24.2 1 0
github.com/bxrne/launchrail/pkg/gui/view.go:26.42,28.2 1 0
github.com/bxrne/launchrail/pkg/gui/view.go:30.69,32.2 1 0
github.com/bxrne/launchrail/pkg/gui/view.go:34.73,40.2 5 0
github.com/bxrne/launchrail/pkg/gui/window.go:12.83,21.2 4 0
github.com/bxrne/launchrail/pkg/gui/window.go:23.41,27.2 3 0
github.com/bxrne/launchrail/pkg/gui/window.go:29.31,31.2 1 0
